warning: unused import: `halo2_proofs::pairing::group::ff::PrimeField`
 --> zkevm/src/circuit/builder.rs:8:5
  |
8 | use halo2_proofs::pairing::group::ff::PrimeField;
  |     ^^^^^^^^^^^^^^^^^^^^^^^^^^^^^^^^^^^^^^^^^^^^
  |
  = note: `#[warn(unused_imports)]` on by default

warning: variable `LIMBS` should have a snake case name
  --> zkevm/src/verifier.rs:78:13
   |
78 |         let LIMBS = 4;
   |             ^^^^^ help: convert the identifier to snake case: `limbs`
   |
   = note: `#[warn(non_snake_case)]` on by default

warning: `zkevm` (lib) generated 2 warnings
warning: `zkevm` (lib test) generated 2 warnings (2 duplicates)
warning: unused import: `halo2_proofs::arithmetic::BaseExt`
 --> zkevm/tests/aggregation_playground.rs:2:5
  |
2 | use halo2_proofs::arithmetic::BaseExt;
  |     ^^^^^^^^^^^^^^^^^^^^^^^^^^^^^^^^^
  |
  = note: `#[warn(unused_imports)]` on by default

warning: unused import: `std::io::Write`
  --> zkevm/tests/aggregation_playground.rs:10:5
   |
10 | use std::io::Write;
   |     ^^^^^^^^^^^^^^

warning: unused import: `zkevm::circuit::TargetCircuit`
  --> zkevm/tests/aggregation_playground.rs:18:5
   |
18 | use zkevm::circuit::TargetCircuit;
   |     ^^^^^^^^^^^^^^^^^^^^^^^^^^^^^

warning: type alias is never used: `CircuitResult`
  --> zkevm/tests/aggregation_playground.rs:60:1
   |
60 | type CircuitResult = ProvedCircuit<G1Affine, Bn256>;
   | ^^^^^^^^^^^^^^^^^^^^^^^^^^^^^^^^^^^^^^^^^^^^^^^^^^^^
   |
   = note: `#[warn(dead_code)]` on by default

warning: function is never used: `write_vk`
  --> zkevm/tests/aggregation_playground.rs:62:4
   |
62 | fn write_vk(output_dir: &str, c: &CircuitResult) {
   |    ^^^^^^^^

warning: `zkevm` (test "aggregation_playground") generated 5 warnings
    Finished release [optimized] target(s) in 0.11s
     Running unittests (/home/ubuntu/common-rs/target/release/deps/zkevm-7eb27930c78eb0d6)

running 0 tests

test result: ok. 0 passed; 0 failed; 0 ignored; 0 measured; 0 filtered out; finished in 0.00s

     Running tests/aggregation_playground.rs (/home/ubuntu/common-rs/target/release/deps/aggregation_playground-5cfa51ec98a3aadb)

running 1 test
[2022-07-06T15:44:08Z DEBUG aggregation_playground] DEBUG LOG example
[2022-07-06T15:44:08Z INFO  aggregation_playground] INFO LOG example
[2022-07-06T15:44:08Z WARN  aggregation_playground] WARN LOG example
[2022-07-06T15:44:08Z ERROR aggregation_playground] ERROR LOG example
STDOUT example
STDERR example
[2022-07-06T15:44:08Z INFO  aggregation_playground] loading setup params
[2022-07-06T15:44:08Z INFO  aggregation_playground] using mode "sushi", testing with "./tests/trace-masterchef.json"
[2022-07-06T15:44:08Z INFO  zkevm::utils] load_or_create_params ./test_params/params18
[2022-07-06T15:44:08Z INFO  zkevm::utils] start loading params with degree 18
[2022-07-06T15:44:08Z INFO  zkevm::utils] load params successfully!
[2022-07-06T15:44:08Z INFO  zkevm::utils] load_or_create_params ./test_params/params26
[2022-07-06T15:44:08Z INFO  zkevm::utils] start loading params with degree 26
[2022-07-06T15:44:55Z INFO  zkevm::utils] load params successfully!
[2022-07-06T15:44:55Z INFO  aggregation_playground] output files to output_20220706_154408_sushi
[2022-07-06T15:44:55Z INFO  zkevm::prover] Create evm proof of block 0x2cad…6271
[2022-07-06T15:45:07Z INFO  zkevm::prover] mock prove done
[2022-07-06T15:45:07Z DEBUG zkevm::prover] memory usage when before init pk of evm: 27GB
test test_4in1 has been running for over 60 seconds
[2022-07-06T15:45:15Z DEBUG zkevm::prover] memory usage when after init pk of evm: 28GB
[2022-07-06T15:47:55Z INFO  zkevm::prover] Create evm proof of block 0x2cad…6271 Successfully!
[2022-07-06T15:47:55Z DEBUG zkevm::prover] memory usage when before release pk of evm: 29GB
[2022-07-06T15:47:55Z DEBUG zkevm::prover] memory usage when after release pk of evm: 29GB
[2022-07-06T15:47:55Z INFO  zkevm::prover] Create state proof of block 0x2cad…6271
[2022-07-06T15:47:55Z DEBUG zkevm_circuits::state_circuit::lookups] mpi limb fits into u16 u16 range check is skipped because `QUICK_CHECK` is enabled
[2022-07-06T15:47:55Z DEBUG zkevm_circuits::state_circuit::lookups] mpi limb fits into u16 u16 range check is skipped because `QUICK_CHECK` is enabled
[2022-07-06T15:47:55Z DEBUG zkevm_circuits::state_circuit::lookups] mpi limb fits into u16 u16 range check is skipped because `QUICK_CHECK` is enabled
[2022-07-06T15:47:55Z DEBUG zkevm_circuits::state_circuit::lookups] mpi limb fits into u16 u16 range check is skipped because `QUICK_CHECK` is enabled
[2022-07-06T15:47:55Z DEBUG zkevm_circuits::state_circuit::lookups] mpi limb fits into u16 u16 range check is skipped because `QUICK_CHECK` is enabled
[2022-07-06T15:47:55Z DEBUG zkevm_circuits::state_circuit::lookups] mpi limb fits into u16 u16 range check is skipped because `QUICK_CHECK` is enabled
[2022-07-06T15:47:55Z DEBUG zkevm_circuits::state_circuit::lookups] mpi limb fits into u16 u16 range check is skipped because `QUICK_CHECK` is enabled
[2022-07-06T15:47:55Z DEBUG zkevm_circuits::state_circuit::lookups] mpi limb fits into u16 u16 range check is skipped because `QUICK_CHECK` is enabled
[2022-07-06T15:47:55Z DEBUG zkevm_circuits::state_circuit::lookups] mpi limb fits into u16 u16 range check is skipped because `QUICK_CHECK` is enabled
[2022-07-06T15:47:55Z DEBUG zkevm_circuits::state_circuit::lookups] mpi limb fits into u16 u16 range check is skipped because `QUICK_CHECK` is enabled
[2022-07-06T15:47:55Z DEBUG zkevm_circuits::state_circuit::lookups] mpi limb fits into u16 u16 range check is skipped because `QUICK_CHECK` is enabled
[2022-07-06T15:47:55Z DEBUG zkevm_circuits::state_circuit::lookups] mpi limb fits into u16 u16 range check is skipped because `QUICK_CHECK` is enabled
[2022-07-06T15:47:55Z DEBUG zkevm_circuits::state_circuit::lookups] mpi limb fits into u16 u16 range check is skipped because `QUICK_CHECK` is enabled
[2022-07-06T15:47:55Z DEBUG zkevm_circuits::state_circuit::lookups] mpi limb fits into u16 u16 range check is skipped because `QUICK_CHECK` is enabled
[2022-07-06T15:47:55Z DEBUG zkevm_circuits::state_circuit::lookups] upper_limb_difference fits into u16 u16 range check is skipped because `QUICK_CHECK` is enabled
[2022-07-06T15:47:55Z DEBUG zkevm_circuits::state_circuit::lookups] upper_limb_difference is zero or lower_limb_difference fits into u16 u16 range check is skipped because `QUICK_CHECK` is enabled
[2022-07-06T15:47:56Z INFO  zkevm::prover] mock prove done
[2022-07-06T15:47:56Z DEBUG zkevm::prover] memory usage when before init pk of state: 29GB
[2022-07-06T15:47:56Z DEBUG zkevm_circuits::state_circuit::lookups] mpi limb fits into u16 u16 range check is skipped because `QUICK_CHECK` is enabled
[2022-07-06T15:47:56Z DEBUG zkevm_circuits::state_circuit::lookups] mpi limb fits into u16 u16 range check is skipped because `QUICK_CHECK` is enabled
[2022-07-06T15:47:56Z DEBUG zkevm_circuits::state_circuit::lookups] mpi limb fits into u16 u16 range check is skipped because `QUICK_CHECK` is enabled
[2022-07-06T15:47:56Z DEBUG zkevm_circuits::state_circuit::lookups] mpi limb fits into u16 u16 range check is skipped because `QUICK_CHECK` is enabled
[2022-07-06T15:47:56Z DEBUG zkevm_circuits::state_circuit::lookups] mpi limb fits into u16 u16 range check is skipped because `QUICK_CHECK` is enabled
[2022-07-06T15:47:56Z DEBUG zkevm_circuits::state_circuit::lookups] mpi limb fits into u16 u16 range check is skipped because `QUICK_CHECK` is enabled
[2022-07-06T15:47:56Z DEBUG zkevm_circuits::state_circuit::lookups] mpi limb fits into u16 u16 range check is skipped because `QUICK_CHECK` is enabled
[2022-07-06T15:47:56Z DEBUG zkevm_circuits::state_circuit::lookups] mpi limb fits into u16 u16 range check is skipped because `QUICK_CHECK` is enabled
[2022-07-06T15:47:56Z DEBUG zkevm_circuits::state_circuit::lookups] mpi limb fits into u16 u16 range check is skipped because `QUICK_CHECK` is enabled
[2022-07-06T15:47:56Z DEBUG zkevm_circuits::state_circuit::lookups] mpi limb fits into u16 u16 range check is skipped because `QUICK_CHECK` is enabled
[2022-07-06T15:47:56Z DEBUG zkevm_circuits::state_circuit::lookups] mpi limb fits into u16 u16 range check is skipped because `QUICK_CHECK` is enabled
[2022-07-06T15:47:56Z DEBUG zkevm_circuits::state_circuit::lookups] mpi limb fits into u16 u16 range check is skipped because `QUICK_CHECK` is enabled
[2022-07-06T15:47:56Z DEBUG zkevm_circuits::state_circuit::lookups] mpi limb fits into u16 u16 range check is skipped because `QUICK_CHECK` is enabled
[2022-07-06T15:47:56Z DEBUG zkevm_circuits::state_circuit::lookups] mpi limb fits into u16 u16 range check is skipped because `QUICK_CHECK` is enabled
[2022-07-06T15:47:56Z DEBUG zkevm_circuits::state_circuit::lookups] upper_limb_difference fits into u16 u16 range check is skipped because `QUICK_CHECK` is enabled
[2022-07-06T15:47:56Z DEBUG zkevm_circuits::state_circuit::lookups] upper_limb_difference is zero or lower_limb_difference fits into u16 u16 range check is skipped because `QUICK_CHECK` is enabled
[2022-07-06T15:47:56Z DEBUG zkevm_circuits::state_circuit::lookups] mpi limb fits into u16 u16 range check is skipped because `QUICK_CHECK` is enabled
[2022-07-06T15:47:56Z DEBUG zkevm_circuits::state_circuit::lookups] mpi limb fits into u16 u16 range check is skipped because `QUICK_CHECK` is enabled
[2022-07-06T15:47:56Z DEBUG zkevm_circuits::state_circuit::lookups] mpi limb fits into u16 u16 range check is skipped because `QUICK_CHECK` is enabled
[2022-07-06T15:47:56Z DEBUG zkevm_circuits::state_circuit::lookups] mpi limb fits into u16 u16 range check is skipped because `QUICK_CHECK` is enabled
[2022-07-06T15:47:56Z DEBUG zkevm_circuits::state_circuit::lookups] mpi limb fits into u16 u16 range check is skipped because `QUICK_CHECK` is enabled
[2022-07-06T15:47:56Z DEBUG zkevm_circuits::state_circuit::lookups] mpi limb fits into u16 u16 range check is skipped because `QUICK_CHECK` is enabled
[2022-07-06T15:47:56Z DEBUG zkevm_circuits::state_circuit::lookups] mpi limb fits into u16 u16 range check is skipped because `QUICK_CHECK` is enabled
[2022-07-06T15:47:56Z DEBUG zkevm_circuits::state_circuit::lookups] mpi limb fits into u16 u16 range check is skipped because `QUICK_CHECK` is enabled
[2022-07-06T15:47:56Z DEBUG zkevm_circuits::state_circuit::lookups] mpi limb fits into u16 u16 range check is skipped because `QUICK_CHECK` is enabled
[2022-07-06T15:47:56Z DEBUG zkevm_circuits::state_circuit::lookups] mpi limb fits into u16 u16 range check is skipped because `QUICK_CHECK` is enabled
[2022-07-06T15:47:56Z DEBUG zkevm_circuits::state_circuit::lookups] mpi limb fits into u16 u16 range check is skipped because `QUICK_CHECK` is enabled
[2022-07-06T15:47:56Z DEBUG zkevm_circuits::state_circuit::lookups] mpi limb fits into u16 u16 range check is skipped because `QUICK_CHECK` is enabled
[2022-07-06T15:47:56Z DEBUG zkevm_circuits::state_circuit::lookups] mpi limb fits into u16 u16 range check is skipped because `QUICK_CHECK` is enabled
[2022-07-06T15:47:56Z DEBUG zkevm_circuits::state_circuit::lookups] mpi limb fits into u16 u16 range check is skipped because `QUICK_CHECK` is enabled
[2022-07-06T15:47:56Z DEBUG zkevm_circuits::state_circuit::lookups] upper_limb_difference fits into u16 u16 range check is skipped because `QUICK_CHECK` is enabled
[2022-07-06T15:47:56Z DEBUG zkevm_circuits::state_circuit::lookups] upper_limb_difference is zero or lower_limb_difference fits into u16 u16 range check is skipped because `QUICK_CHECK` is enabled
[2022-07-06T15:48:09Z DEBUG zkevm::prover] memory usage when after init pk of state: 31GB
[2022-07-06T15:48:09Z DEBUG zkevm_circuits::state_circuit::lookups] mpi limb fits into u16 u16 range check is skipped because `QUICK_CHECK` is enabled
[2022-07-06T15:48:09Z DEBUG zkevm_circuits::state_circuit::lookups] mpi limb fits into u16 u16 range check is skipped because `QUICK_CHECK` is enabled
[2022-07-06T15:48:09Z DEBUG zkevm_circuits::state_circuit::lookups] mpi limb fits into u16 u16 range check is skipped because `QUICK_CHECK` is enabled
[2022-07-06T15:48:09Z DEBUG zkevm_circuits::state_circuit::lookups] mpi limb fits into u16 u16 range check is skipped because `QUICK_CHECK` is enabled
[2022-07-06T15:48:09Z DEBUG zkevm_circuits::state_circuit::lookups] mpi limb fits into u16 u16 range check is skipped because `QUICK_CHECK` is enabled
[2022-07-06T15:48:09Z DEBUG zkevm_circuits::state_circuit::lookups] mpi limb fits into u16 u16 range check is skipped because `QUICK_CHECK` is enabled
[2022-07-06T15:48:09Z DEBUG zkevm_circuits::state_circuit::lookups] mpi limb fits into u16 u16 range check is skipped because `QUICK_CHECK` is enabled
[2022-07-06T15:48:09Z DEBUG zkevm_circuits::state_circuit::lookups] mpi limb fits into u16 u16 range check is skipped because `QUICK_CHECK` is enabled
[2022-07-06T15:48:09Z DEBUG zkevm_circuits::state_circuit::lookups] mpi limb fits into u16 u16 range check is skipped because `QUICK_CHECK` is enabled
[2022-07-06T15:48:09Z DEBUG zkevm_circuits::state_circuit::lookups] mpi limb fits into u16 u16 range check is skipped because `QUICK_CHECK` is enabled
[2022-07-06T15:48:09Z DEBUG zkevm_circuits::state_circuit::lookups] mpi limb fits into u16 u16 range check is skipped because `QUICK_CHECK` is enabled
[2022-07-06T15:48:09Z DEBUG zkevm_circuits::state_circuit::lookups] mpi limb fits into u16 u16 range check is skipped because `QUICK_CHECK` is enabled
[2022-07-06T15:48:09Z DEBUG zkevm_circuits::state_circuit::lookups] mpi limb fits into u16 u16 range check is skipped because `QUICK_CHECK` is enabled
[2022-07-06T15:48:09Z DEBUG zkevm_circuits::state_circuit::lookups] mpi limb fits into u16 u16 range check is skipped because `QUICK_CHECK` is enabled
[2022-07-06T15:48:09Z DEBUG zkevm_circuits::state_circuit::lookups] upper_limb_difference fits into u16 u16 range check is skipped because `QUICK_CHECK` is enabled
[2022-07-06T15:48:09Z DEBUG zkevm_circuits::state_circuit::lookups] upper_limb_difference is zero or lower_limb_difference fits into u16 u16 range check is skipped because `QUICK_CHECK` is enabled
[2022-07-06T15:52:36Z INFO  zkevm::prover] Create state proof of block 0x2cad…6271 Successfully!
[2022-07-06T15:52:36Z DEBUG zkevm::prover] memory usage when before release pk of state: 32GB
[2022-07-06T15:52:36Z DEBUG zkevm::prover] memory usage when after release pk of state: 30GB
[2022-07-06T15:52:36Z INFO  zkevm::prover] Create poseidon proof of block 0x2cad…6271
[2022-07-06T15:52:36Z INFO  zkevm::prover] mock prove done
[2022-07-06T15:52:36Z DEBUG zkevm::prover] memory usage when before init pk of poseidon: 30GB
[2022-07-06T15:52:47Z DEBUG zkevm::prover] memory usage when after init pk of poseidon: 31GB
[2022-07-06T15:52:53Z INFO  zkevm::prover] Create poseidon proof of block 0x2cad…6271 Successfully!
[2022-07-06T15:52:53Z DEBUG zkevm::prover] memory usage when before release pk of poseidon: 31GB
[2022-07-06T15:52:53Z DEBUG zkevm::prover] memory usage when after release pk of poseidon: 29GB
[2022-07-06T15:52:53Z INFO  zkevm::prover] Create zktrie proof of block 0x2cad…6271
[2022-07-06T15:52:53Z INFO  zkevm::prover] mock prove done
[2022-07-06T15:52:53Z DEBUG zkevm::prover] memory usage when before init pk of zktrie: 29GB
[2022-07-06T15:53:08Z DEBUG zkevm::prover] memory usage when after init pk of zktrie: 31GB
[2022-07-06T15:54:23Z INFO  zkevm::prover] Create zktrie proof of block 0x2cad…6271 Successfully!
[2022-07-06T15:54:23Z DEBUG zkevm::prover] memory usage when before release pk of zktrie: 31GB
[2022-07-06T15:54:23Z DEBUG zkevm::prover] memory usage when after release pk of zktrie: 29GB
[2022-07-06T15:54:24Z DEBUG halo2_snark_aggregator_api::systems::halo2::verify] enter verify_aggregation_proofs_in_chip_impl
[2022-07-06T15:54:24Z DEBUG halo2_snark_aggregator_api::systems::halo2::verify] exiting verify_aggregation_proofs_in_chip_impl
[2022-07-06T15:54:24Z DEBUG halo2_snark_aggregator_api::mock::arith::field] ===== BEGIN: Halo2VerifierCircuit rows cost estimation ========
[2022-07-06T15:54:24Z DEBUG halo2_snark_aggregator_api::mock::arith::field] total ecmul: 678
[2022-07-06T15:54:24Z DEBUG halo2_snark_aggregator_api::mock::arith::field] rows needed by ecmul: 53780316 = 678 * 79322 = 0.80 * 2**26
[2022-07-06T15:54:24Z DEBUG halo2_snark_aggregator_api::mock::arith::field] at least need k: 26
[2022-07-06T15:54:24Z DEBUG halo2_snark_aggregator_api::mock::arith::field] circuit zktrie: num 119, percentage 17.55%
[2022-07-06T15:54:24Z DEBUG halo2_snark_aggregator_api::mock::arith::field] circuit evm: num 317, percentage 46.76%
[2022-07-06T15:54:24Z DEBUG halo2_snark_aggregator_api::mock::arith::field] circuit poseidon: num 44, percentage 6.49%
[2022-07-06T15:54:24Z DEBUG halo2_snark_aggregator_api::mock::arith::field] circuit state: num 198, percentage 29.20%
[2022-07-06T15:54:24Z DEBUG halo2_snark_aggregator_api::mock::arith::field] ===== END: Halo2VerifierCircuit rows cost estimation ========
[2022-07-06T15:54:24Z INFO  zkevm::prover] init_agg_pk
[2022-07-06T15:55:07Z DEBUG halo2_snark_aggregator_circuit::verify_circuit] Halo2VerifierCircuit synthesize_impl start
[2022-07-06T15:55:08Z DEBUG halo2_snark_aggregator_api::systems::halo2::verify] enter verify_aggregation_proofs_in_chip_impl
[2022-07-06T15:57:29Z DEBUG halo2_snark_aggregator_api::systems::halo2::verify] exiting verify_aggregation_proofs_in_chip_impl
[2022-07-06T15:57:29Z DEBUG halo2_snark_aggregator_circuit::verify_circuit] Halo2VerifierCircuit synthesize_impl done
[2022-07-06T15:57:29Z DEBUG halo2_snark_aggregator_circuit::verify_circuit] Halo2VerifierCircuit synthesize_impl start
[2022-07-06T15:57:32Z DEBUG halo2_snark_aggregator_api::systems::halo2::verify] enter verify_aggregation_proofs_in_chip_impl
[2022-07-06T15:59:49Z DEBUG halo2_snark_aggregator_api::systems::halo2::verify] exiting verify_aggregation_proofs_in_chip_impl
[2022-07-06T15:59:49Z DEBUG halo2_snark_aggregator_circuit::verify_circuit] Halo2VerifierCircuit synthesize_impl done
[2022-07-06T16:04:25Z DEBUG halo2_snark_aggregator_circuit::verify_circuit] Halo2VerifierCircuit synthesize_impl start
[2022-07-06T16:04:26Z DEBUG halo2_snark_aggregator_api::systems::halo2::verify] enter verify_aggregation_proofs_in_chip_impl
[2022-07-06T16:06:47Z DEBUG halo2_snark_aggregator_api::systems::halo2::verify] exiting verify_aggregation_proofs_in_chip_impl
[2022-07-06T16:06:47Z DEBUG halo2_snark_aggregator_circuit::verify_circuit] Halo2VerifierCircuit synthesize_impl done
[2022-07-06T16:06:47Z DEBUG halo2_snark_aggregator_circuit::verify_circuit] Halo2VerifierCircuit synthesize_impl start
[2022-07-06T16:06:52Z DEBUG halo2_snark_aggregator_api::systems::halo2::verify] enter verify_aggregation_proofs_in_chip_impl
[2022-07-06T16:09:14Z DEBUG halo2_snark_aggregator_api::systems::halo2::verify] exiting verify_aggregation_proofs_in_chip_impl
[2022-07-06T16:09:14Z DEBUG halo2_snark_aggregator_circuit::verify_circuit] Halo2VerifierCircuit synthesize_impl done
[2022-07-06T16:40:15Z INFO  zkevm::prover] create agg proof
[2022-07-06T16:41:33Z DEBUG halo2_snark_aggregator_circuit::verify_circuit] Halo2VerifierCircuit synthesize_impl start
[2022-07-06T16:41:34Z DEBUG halo2_snark_aggregator_api::systems::halo2::verify] enter verify_aggregation_proofs_in_chip_impl
[2022-07-06T16:43:56Z DEBUG halo2_snark_aggregator_api::systems::halo2::verify] exiting verify_aggregation_proofs_in_chip_impl
[2022-07-06T16:43:56Z DEBUG halo2_snark_aggregator_circuit::verify_circuit] Halo2VerifierCircuit synthesize_impl done
[2022-07-06T16:43:56Z DEBUG halo2_snark_aggregator_circuit::verify_circuit] Halo2VerifierCircuit synthesize_impl start
[2022-07-06T16:43:56Z DEBUG halo2_snark_aggregator_api::systems::halo2::verify] enter verify_aggregation_proofs_in_chip_impl
[2022-07-06T16:46:03Z DEBUG halo2_snark_aggregator_api::systems::halo2::verify] exiting verify_aggregation_proofs_in_chip_impl
[2022-07-06T16:46:03Z DEBUG halo2_snark_aggregator_circuit::verify_circuit] Halo2VerifierCircuit synthesize_impl done
[2022-07-06T17:36:17Z INFO  zkevm::prover] create agg proof done
thread 'test_4in1' panicked at 'called `Result::unwrap()` on an `Err` value: Os { code: 2, kind: NotFound, message: "No such file or directory" }', zkevm/src/io.rs:71:56
stack backtrace:
   0: rust_begin_unwind
             at /rustc/d914f17ca71a33a89b2dc3436fca51b1a091559e/library/std/src/panicking.rs:498:5
   1: core::panicking::panic_fmt
             at /rustc/d914f17ca71a33a89b2dc3436fca51b1a091559e/library/core/src/panicking.rs:106:14
   2: core::result::unwrap_failed
             at /rustc/d914f17ca71a33a89b2dc3436fca51b1a091559e/library/core/src/result.rs:1613:5
   3: zkevm::io::read_file
   4: zkevm::io::load_verify_circuit_vk
   5: core::ops::function::FnOnce::call_once
   6: core::ops::function::FnOnce::call_once
             at /rustc/d914f17ca71a33a89b2dc3436fca51b1a091559e/library/core/src/ops/function.rs:227:5
note: Some details are omitted, run with `RUST_BACKTRACE=full` for a verbose backtrace.
test test_4in1 ... FAILED

failures:

failures:
    test_4in1

test result: FAILED. 0 passed; 1 failed; 0 ignored; 0 measured; 0 filtered out; finished in 6743.25s

error: test failed, to rerun pass '--test aggregation_playground'
